<?xml version="1.0" encoding="UTF-8" ?>
<testsuite tests="8" failures="0" name="Test.CalculatorTest" time="0.008" errors="0" skipped="0">
  <properties>
[...]
</properties>
  <testcase classname="Test.CalculatorTest" name="testdevide" time="0.008"/>
  <testcase classname="Test.CalculatorTest" name="testMax" time="0"/>
  <testcase classname="Test.CalculatorTest" name="testMin" time="0"/>
  <testcase classname="Test.CalculatorTest" name="testSum" time="0"/>
  <testcase classname="Test.CalculatorTest" name="testMaxElement" time="0"/>
  <testcase classname="Test.CalculatorTest" name="testMunis" time="0"/>
  <testcase classname="Test.CalculatorTest" name="testMinElement" time="0"/>
  <testcase classname="Test.CalculatorTest" name="testMutilply" time="0"/>
</testsuite>